<?xml version="1.0" encoding="UTF-8"?>
<!-- Generated by org.testng.reporters.JUnitReportReporter -->
<testsuite skipped="0" hostname="rbs-HP-ProBook-450-G1" name="lalatest.LalaTestSuite" tests="1" failures="0" timestamp="23 Nov 2016 10:47:59 GMT" time="33.598" errors="0">
  <testcase name="LalaTest" time="33.598" classname="lalatest.LalaTestSuite"/>
</testsuite> <!-- lalatest.LalaTestSuite -->
